<?xml version="1.0" encoding="UTF-8"?>
<!-- Generated by org.testng.reporters.JUnitXMLReporter -->
<testsuite ignored="0" hostname="ISHANT" failures="0" tests="4" name="Default test" time="15.32" errors="0" timestamp="2023-04-06T11:49:49 IST">
  <testcase classname="test_class.Put_TC1" name="orchestrator" time="8.3"/>
  <testcase classname="test_class.Patch_TC1" name="orchestrator" time="1.938"/>
  <testcase classname="test_class.Post_TC1" name="orchestrator" time="1.944"/>
  <testcase classname="test_class.Get_tc1" name="orchestrator" time="2.876"/>
</testsuite> <!-- Default test -->
