<?xml version="1.0" encoding="UTF-8"?>
<!-- Generated by org.testng.reporters.JUnitXMLReporter -->
<testsuite ignored="0" hostname="ISHANT" failures="0" tests="4" name="Test" time="16.142" errors="0" timestamp="2023-04-06T11:58:31 IST">
  <testcase classname="test_class.Get_tc1" name="orchestrator" time="8.27"/>
  <testcase classname="test_class.Patch_TC1" name="orchestrator" time="3.252"/>
  <testcase classname="test_class.Post_TC1" name="orchestrator" time="2.115"/>
  <testcase classname="test_class.Put_TC1" name="orchestrator" time="2.199"/>
</testsuite> <!-- Test -->
